2016-02-15 12:51:00,473 [Worker-6] ERROR o.e.m.c.i.p.r.ProjectRegistryManager - Failed to read Maven project: 1 problem was encountered while building the effective model for org.exoplatform.selenium:ui-common:[unknown-version]
[FATAL] Non-resolvable parent POM for org.exoplatform.selenium:ui-test:4.3.x-SNAPSHOT: Failure to find org.exoplatform:maven-parent-pom:pom:9 in https://repo.maven.apache.org/maven2 was cached in the local repository, resolution will not be reattempted until the update interval of central has elapsed or updates are forced and 'parent.relativePath' points at no local POM @ org.exoplatform.selenium:ui-test:4.3.x-SNAPSHOT, E:\ui-test\ui-test\pom.xml, line 5, column 10
 for project org.exoplatform.selenium:ui-common:[unknown-version] at E:\ui-test\ui-test\ui-common\pom.xml
org.apache.maven.project.ProjectBuildingException: 1 problem was encountered while building the effective model for org.exoplatform.selenium:ui-common:[unknown-version]
[FATAL] Non-resolvable parent POM for org.exoplatform.selenium:ui-test:4.3.x-SNAPSHOT: Failure to find org.exoplatform:maven-parent-pom:pom:9 in https://repo.maven.apache.org/maven2 was cached in the local repository, resolution will not be reattempted until the update interval of central has elapsed or updates are forced and 'parent.relativePath' points at no local POM @ org.exoplatform.selenium:ui-test:4.3.x-SNAPSHOT, E:\ui-test\ui-test\pom.xml, line 5, column 10
 for project org.exoplatform.selenium:ui-common:[unknown-version] at E:\ui-test\ui-test\ui-common\pom.xml
	at org.apache.maven.project.DefaultProjectBuilder.build(DefaultProjectBuilder.java:168) ~[maven-core-3.3.3.jar:3.3.3]
	at org.apache.maven.project.DefaultProjectBuilder.build(DefaultProjectBuilder.java:119) ~[maven-core-3.3.3.jar:3.3.3]
	at org.eclipse.m2e.core.internal.embedder.MavenImpl.readMavenProject(MavenImpl.java:636) ~[org.eclipse.m2e.core_1.6.2.20150902-0002.jar:na]
	at org.eclipse.m2e.core.internal.project.registry.ProjectRegistryManager$5.call(ProjectRegistryManager.java:815) ~[org.eclipse.m2e.core_1.6.2.20150902-0002.jar:na]
	at org.eclipse.m2e.core.internal.project.registry.ProjectRegistryManager$5.call(ProjectRegistryManager.java:1) ~[org.eclipse.m2e.core_1.6.2.20150902-0002.jar:na]
	at org.eclipse.m2e.core.internal.embedder.MavenExecutionContext.executeBare(MavenExecutionContext.java:176) ~[org.eclipse.m2e.core_1.6.2.20150902-0002.jar:na]
	at org.eclipse.m2e.core.internal.embedder.MavenExecutionContext.execute(MavenExecutionContext.java:151) ~[org.eclipse.m2e.core_1.6.2.20150902-0002.jar:na]
	at org.eclipse.m2e.core.internal.embedder.MavenExecutionContext.execute(MavenExecutionContext.java:99) ~[org.eclipse.m2e.core_1.6.2.20150902-0002.jar:na]
	at org.eclipse.m2e.core.internal.project.registry.ProjectRegistryManager.execute(ProjectRegistryManager.java:956) ~[org.eclipse.m2e.core_1.6.2.20150902-0002.jar:na]
	at org.eclipse.m2e.core.internal.project.registry.ProjectRegistryManager.readProjectWithDependencies(ProjectRegistryManager.java:811) ~[org.eclipse.m2e.core_1.6.2.20150902-0002.jar:na]
	at org.eclipse.m2e.core.internal.project.registry.ProjectRegistryManager.create(ProjectRegistryManager.java:191) ~[org.eclipse.m2e.core_1.6.2.20150902-0002.jar:na]
	at org.eclipse.m2e.core.internal.project.registry.MavenProjectManager.create(MavenProjectManager.java:80) [org.eclipse.m2e.core_1.6.2.20150902-0002.jar:na]
	at org.eclipse.m2e.core.ui.internal.actions.SelectionUtil.getMavenProject(SelectionUtil.java:259) [org.eclipse.m2e.core.ui_1.6.2.20150902-0002.jar:na]
	at org.eclipse.m2e.editor.pom.MavenPomEditor.readMavenProject(MavenPomEditor.java:729) [org.eclipse.m2e.editor_1.6.2.20150902-0002.jar:na]
	at org.eclipse.m2e.editor.pom.MavenPomEditor$5.run(MavenPomEditor.java:1050) [org.eclipse.m2e.editor_1.6.2.20150902-0002.jar:na]
	at org.eclipse.core.internal.jobs.Worker.run(Worker.java:54) [org.eclipse.core.jobs_3.6.1.v20141014-1248.jar:na]
Caused by: org.apache.maven.model.building.ModelBuildingException: 1 problem was encountered while building the effective model for org.exoplatform.selenium:ui-common:[unknown-version]
[FATAL] Non-resolvable parent POM for org.exoplatform.selenium:ui-test:4.3.x-SNAPSHOT: Failure to find org.exoplatform:maven-parent-pom:pom:9 in https://repo.maven.apache.org/maven2 was cached in the local repository, resolution will not be reattempted until the update interval of central has elapsed or updates are forced and 'parent.relativePath' points at no local POM @ org.exoplatform.selenium:ui-test:4.3.x-SNAPSHOT, E:\ui-test\ui-test\pom.xml, line 5, column 10

	at org.apache.maven.model.building.DefaultModelProblemCollector.newModelBuildingException(DefaultModelProblemCollector.java:197) ~[maven-model-builder-3.3.3.jar:3.3.3]
	at org.apache.maven.model.building.DefaultModelBuilder.readParentExternally(DefaultModelBuilder.java:1007) ~[maven-model-builder-3.3.3.jar:3.3.3]
	at org.apache.maven.model.building.DefaultModelBuilder.readParent(DefaultModelBuilder.java:796) ~[maven-model-builder-3.3.3.jar:3.3.3]
	at org.apache.maven.model.building.DefaultModelBuilder.build(DefaultModelBuilder.java:325) ~[maven-model-builder-3.3.3.jar:3.3.3]
	at org.apache.maven.project.DefaultProjectBuilder.build(DefaultProjectBuilder.java:161) ~[maven-core-3.3.3.jar:3.3.3]
	... 15 common frames omitted
2016-02-15 12:53:27,239 [Worker-6] ERROR o.e.m.c.i.p.r.ProjectRegistryManager - Failed to read Maven project: For artifact {null:ui-common:null:jar}: The groupId cannot be empty.
org.apache.maven.artifact.InvalidArtifactRTException: For artifact {null:ui-common:null:jar}: The groupId cannot be empty.
	at org.apache.maven.artifact.DefaultArtifact.validateIdentity(DefaultArtifact.java:130) ~[maven-artifact-3.3.3.jar:3.3.3]
	at org.apache.maven.artifact.DefaultArtifact.<init>(DefaultArtifact.java:123) ~[maven-artifact-3.3.3.jar:3.3.3]
	at org.apache.maven.bridge.MavenRepositorySystem.XcreateArtifact(MavenRepositorySystem.java:564) ~[maven-core-3.3.3.jar:3.3.3]
	at org.apache.maven.bridge.MavenRepositorySystem.XcreateArtifact(MavenRepositorySystem.java:524) ~[maven-core-3.3.3.jar:3.3.3]
	at org.apache.maven.bridge.MavenRepositorySystem.XcreateArtifact(MavenRepositorySystem.java:518) ~[maven-core-3.3.3.jar:3.3.3]
	at org.apache.maven.bridge.MavenRepositorySystem.XcreateArtifact(MavenRepositorySystem.java:476) ~[maven-core-3.3.3.jar:3.3.3]
	at org.apache.maven.bridge.MavenRepositorySystem.createArtifact(MavenRepositorySystem.java:79) ~[maven-core-3.3.3.jar:3.3.3]
	at org.apache.maven.project.DefaultProjectBuilder.initProject(DefaultProjectBuilder.java:704) ~[maven-core-3.3.3.jar:3.3.3]
	at org.apache.maven.project.DefaultProjectBuilder.build(DefaultProjectBuilder.java:176) ~[maven-core-3.3.3.jar:3.3.3]
	at org.apache.maven.project.DefaultProjectBuilder.build(DefaultProjectBuilder.java:119) ~[maven-core-3.3.3.jar:3.3.3]
	at org.eclipse.m2e.core.internal.embedder.MavenImpl.readMavenProject(MavenImpl.java:636) ~[org.eclipse.m2e.core_1.6.2.20150902-0002.jar:na]
	at org.eclipse.m2e.core.internal.project.registry.ProjectRegistryManager$5.call(ProjectRegistryManager.java:815) ~[org.eclipse.m2e.core_1.6.2.20150902-0002.jar:na]
	at org.eclipse.m2e.core.internal.project.registry.ProjectRegistryManager$5.call(ProjectRegistryManager.java:1) ~[org.eclipse.m2e.core_1.6.2.20150902-0002.jar:na]
	at org.eclipse.m2e.core.internal.embedder.MavenExecutionContext.executeBare(MavenExecutionContext.java:176) ~[org.eclipse.m2e.core_1.6.2.20150902-0002.jar:na]
	at org.eclipse.m2e.core.internal.embedder.MavenExecutionContext.execute(MavenExecutionContext.java:151) ~[org.eclipse.m2e.core_1.6.2.20150902-0002.jar:na]
	at org.eclipse.m2e.core.internal.embedder.MavenExecutionContext.execute(MavenExecutionContext.java:99) ~[org.eclipse.m2e.core_1.6.2.20150902-0002.jar:na]
	at org.eclipse.m2e.core.internal.project.registry.ProjectRegistryManager.execute(ProjectRegistryManager.java:956) ~[org.eclipse.m2e.core_1.6.2.20150902-0002.jar:na]
	at org.eclipse.m2e.core.internal.project.registry.ProjectRegistryManager.readProjectWithDependencies(ProjectRegistryManager.java:811) ~[org.eclipse.m2e.core_1.6.2.20150902-0002.jar:na]
	at org.eclipse.m2e.core.internal.project.registry.ProjectRegistryManager.create(ProjectRegistryManager.java:191) ~[org.eclipse.m2e.core_1.6.2.20150902-0002.jar:na]
	at org.eclipse.m2e.core.internal.project.registry.MavenProjectManager.create(MavenProjectManager.java:80) [org.eclipse.m2e.core_1.6.2.20150902-0002.jar:na]
	at org.eclipse.m2e.core.ui.internal.actions.SelectionUtil.getMavenProject(SelectionUtil.java:259) [org.eclipse.m2e.core.ui_1.6.2.20150902-0002.jar:na]
	at org.eclipse.m2e.editor.pom.MavenPomEditor.readMavenProject(MavenPomEditor.java:729) [org.eclipse.m2e.editor_1.6.2.20150902-0002.jar:na]
	at org.eclipse.m2e.editor.pom.MavenPomEditor$5.run(MavenPomEditor.java:1050) [org.eclipse.m2e.editor_1.6.2.20150902-0002.jar:na]
	at org.eclipse.core.internal.jobs.Worker.run(Worker.java:54) [org.eclipse.core.jobs_3.6.1.v20141014-1248.jar:na]
2016-02-15 12:53:31,816 [Worker-5] ERROR o.e.m.c.i.p.r.ProjectRegistryManager - Failed to read Maven project: 1 problem was encountered while building the effective model for org.exoplatform.selenium:ui-testsuite:[unknown-version]
[FATAL] Non-resolvable parent POM for org.exoplatform.selenium:ui-test:4.3.x-SNAPSHOT: Failure to find org.exoplatform:maven-parent-pom:pom:9 in https://repo.maven.apache.org/maven2 was cached in the local repository, resolution will not be reattempted until the update interval of central has elapsed or updates are forced and 'parent.relativePath' points at no local POM @ org.exoplatform.selenium:ui-test:4.3.x-SNAPSHOT, E:\ui-test\ui-test\pom.xml, line 5, column 10
 for project org.exoplatform.selenium:ui-testsuite:[unknown-version] at E:\ui-test\ui-test\ui-testsuite\pom.xml
org.apache.maven.project.ProjectBuildingException: 1 problem was encountered while building the effective model for org.exoplatform.selenium:ui-testsuite:[unknown-version]
[FATAL] Non-resolvable parent POM for org.exoplatform.selenium:ui-test:4.3.x-SNAPSHOT: Failure to find org.exoplatform:maven-parent-pom:pom:9 in https://repo.maven.apache.org/maven2 was cached in the local repository, resolution will not be reattempted until the update interval of central has elapsed or updates are forced and 'parent.relativePath' points at no local POM @ org.exoplatform.selenium:ui-test:4.3.x-SNAPSHOT, E:\ui-test\ui-test\pom.xml, line 5, column 10
 for project org.exoplatform.selenium:ui-testsuite:[unknown-version] at E:\ui-test\ui-test\ui-testsuite\pom.xml
	at org.apache.maven.project.DefaultProjectBuilder.build(DefaultProjectBuilder.java:168) ~[maven-core-3.3.3.jar:3.3.3]
	at org.apache.maven.project.DefaultProjectBuilder.build(DefaultProjectBuilder.java:119) ~[maven-core-3.3.3.jar:3.3.3]
	at org.eclipse.m2e.core.internal.embedder.MavenImpl.readMavenProject(MavenImpl.java:636) ~[org.eclipse.m2e.core_1.6.2.20150902-0002.jar:na]
	at org.eclipse.m2e.core.internal.project.registry.ProjectRegistryManager$5.call(ProjectRegistryManager.java:815) ~[org.eclipse.m2e.core_1.6.2.20150902-0002.jar:na]
	at org.eclipse.m2e.core.internal.project.registry.ProjectRegistryManager$5.call(ProjectRegistryManager.java:1) ~[org.eclipse.m2e.core_1.6.2.20150902-0002.jar:na]
	at org.eclipse.m2e.core.internal.embedder.MavenExecutionContext.executeBare(MavenExecutionContext.java:176) ~[org.eclipse.m2e.core_1.6.2.20150902-0002.jar:na]
	at org.eclipse.m2e.core.internal.embedder.MavenExecutionContext.execute(MavenExecutionContext.java:151) ~[org.eclipse.m2e.core_1.6.2.20150902-0002.jar:na]
	at org.eclipse.m2e.core.internal.embedder.MavenExecutionContext.execute(MavenExecutionContext.java:99) ~[org.eclipse.m2e.core_1.6.2.20150902-0002.jar:na]
	at org.eclipse.m2e.core.internal.project.registry.ProjectRegistryManager.execute(ProjectRegistryManager.java:956) ~[org.eclipse.m2e.core_1.6.2.20150902-0002.jar:na]
	at org.eclipse.m2e.core.internal.project.registry.ProjectRegistryManager.readProjectWithDependencies(ProjectRegistryManager.java:811) ~[org.eclipse.m2e.core_1.6.2.20150902-0002.jar:na]
	at org.eclipse.m2e.core.internal.project.registry.ProjectRegistryManager.create(ProjectRegistryManager.java:191) ~[org.eclipse.m2e.core_1.6.2.20150902-0002.jar:na]
	at org.eclipse.m2e.core.internal.project.registry.MavenProjectManager.create(MavenProjectManager.java:80) [org.eclipse.m2e.core_1.6.2.20150902-0002.jar:na]
	at org.eclipse.m2e.core.ui.internal.actions.SelectionUtil.getMavenProject(SelectionUtil.java:259) [org.eclipse.m2e.core.ui_1.6.2.20150902-0002.jar:na]
	at org.eclipse.m2e.editor.pom.MavenPomEditor.readMavenProject(MavenPomEditor.java:729) [org.eclipse.m2e.editor_1.6.2.20150902-0002.jar:na]
	at org.eclipse.m2e.editor.pom.MavenPomEditor$5.run(MavenPomEditor.java:1050) [org.eclipse.m2e.editor_1.6.2.20150902-0002.jar:na]
	at org.eclipse.core.internal.jobs.Worker.run(Worker.java:54) [org.eclipse.core.jobs_3.6.1.v20141014-1248.jar:na]
Caused by: org.apache.maven.model.building.ModelBuildingException: 1 problem was encountered while building the effective model for org.exoplatform.selenium:ui-testsuite:[unknown-version]
[FATAL] Non-resolvable parent POM for org.exoplatform.selenium:ui-test:4.3.x-SNAPSHOT: Failure to find org.exoplatform:maven-parent-pom:pom:9 in https://repo.maven.apache.org/maven2 was cached in the local repository, resolution will not be reattempted until the update interval of central has elapsed or updates are forced and 'parent.relativePath' points at no local POM @ org.exoplatform.selenium:ui-test:4.3.x-SNAPSHOT, E:\ui-test\ui-test\pom.xml, line 5, column 10

	at org.apache.maven.model.building.DefaultModelProblemCollector.newModelBuildingException(DefaultModelProblemCollector.java:197) ~[maven-model-builder-3.3.3.jar:3.3.3]
	at org.apache.maven.model.building.DefaultModelBuilder.readParentExternally(DefaultModelBuilder.java:1007) ~[maven-model-builder-3.3.3.jar:3.3.3]
	at org.apache.maven.model.building.DefaultModelBuilder.readParent(DefaultModelBuilder.java:796) ~[maven-model-builder-3.3.3.jar:3.3.3]
	at org.apache.maven.model.building.DefaultModelBuilder.build(DefaultModelBuilder.java:325) ~[maven-model-builder-3.3.3.jar:3.3.3]
	at org.apache.maven.project.DefaultProjectBuilder.build(DefaultProjectBuilder.java:161) ~[maven-core-3.3.3.jar:3.3.3]
	... 15 common frames omitted
2016-02-15 12:55:03,720 [Worker-4] ERROR o.e.m.c.i.p.r.ProjectRegistryManager - Failed to read Maven project: For artifact {null:ui-testsuite:null:jar}: The groupId cannot be empty.
org.apache.maven.artifact.InvalidArtifactRTException: For artifact {null:ui-testsuite:null:jar}: The groupId cannot be empty.
	at org.apache.maven.artifact.DefaultArtifact.validateIdentity(DefaultArtifact.java:130) ~[maven-artifact-3.3.3.jar:3.3.3]
	at org.apache.maven.artifact.DefaultArtifact.<init>(DefaultArtifact.java:123) ~[maven-artifact-3.3.3.jar:3.3.3]
	at org.apache.maven.bridge.MavenRepositorySystem.XcreateArtifact(MavenRepositorySystem.java:564) ~[maven-core-3.3.3.jar:3.3.3]
	at org.apache.maven.bridge.MavenRepositorySystem.XcreateArtifact(MavenRepositorySystem.java:524) ~[maven-core-3.3.3.jar:3.3.3]
	at org.apache.maven.bridge.MavenRepositorySystem.XcreateArtifact(MavenRepositorySystem.java:518) ~[maven-core-3.3.3.jar:3.3.3]
	at org.apache.maven.bridge.MavenRepositorySystem.XcreateArtifact(MavenRepositorySystem.java:476) ~[maven-core-3.3.3.jar:3.3.3]
	at org.apache.maven.bridge.MavenRepositorySystem.createArtifact(MavenRepositorySystem.java:79) ~[maven-core-3.3.3.jar:3.3.3]
	at org.apache.maven.project.DefaultProjectBuilder.initProject(DefaultProjectBuilder.java:704) ~[maven-core-3.3.3.jar:3.3.3]
	at org.apache.maven.project.DefaultProjectBuilder.build(DefaultProjectBuilder.java:176) ~[maven-core-3.3.3.jar:3.3.3]
	at org.apache.maven.project.DefaultProjectBuilder.build(DefaultProjectBuilder.java:119) ~[maven-core-3.3.3.jar:3.3.3]
	at org.eclipse.m2e.core.internal.embedder.MavenImpl.readMavenProject(MavenImpl.java:636) ~[org.eclipse.m2e.core_1.6.2.20150902-0002.jar:na]
	at org.eclipse.m2e.core.internal.project.registry.ProjectRegistryManager$5.call(ProjectRegistryManager.java:815) ~[org.eclipse.m2e.core_1.6.2.20150902-0002.jar:na]
	at org.eclipse.m2e.core.internal.project.registry.ProjectRegistryManager$5.call(ProjectRegistryManager.java:1) ~[org.eclipse.m2e.core_1.6.2.20150902-0002.jar:na]
	at org.eclipse.m2e.core.internal.embedder.MavenExecutionContext.executeBare(MavenExecutionContext.java:176) ~[org.eclipse.m2e.core_1.6.2.20150902-0002.jar:na]
	at org.eclipse.m2e.core.internal.embedder.MavenExecutionContext.execute(MavenExecutionContext.java:151) ~[org.eclipse.m2e.core_1.6.2.20150902-0002.jar:na]
	at org.eclipse.m2e.core.internal.embedder.MavenExecutionContext.execute(MavenExecutionContext.java:99) ~[org.eclipse.m2e.core_1.6.2.20150902-0002.jar:na]
	at org.eclipse.m2e.core.internal.project.registry.ProjectRegistryManager.execute(ProjectRegistryManager.java:956) ~[org.eclipse.m2e.core_1.6.2.20150902-0002.jar:na]
	at org.eclipse.m2e.core.internal.project.registry.ProjectRegistryManager.readProjectWithDependencies(ProjectRegistryManager.java:811) ~[org.eclipse.m2e.core_1.6.2.20150902-0002.jar:na]
	at org.eclipse.m2e.core.internal.project.registry.ProjectRegistryManager.create(ProjectRegistryManager.java:191) ~[org.eclipse.m2e.core_1.6.2.20150902-0002.jar:na]
	at org.eclipse.m2e.core.internal.project.registry.MavenProjectManager.create(MavenProjectManager.java:80) [org.eclipse.m2e.core_1.6.2.20150902-0002.jar:na]
	at org.eclipse.m2e.core.ui.internal.actions.SelectionUtil.getMavenProject(SelectionUtil.java:259) [org.eclipse.m2e.core.ui_1.6.2.20150902-0002.jar:na]
	at org.eclipse.m2e.editor.pom.MavenPomEditor.readMavenProject(MavenPomEditor.java:729) [org.eclipse.m2e.editor_1.6.2.20150902-0002.jar:na]
	at org.eclipse.m2e.editor.pom.MavenPomEditor$5.run(MavenPomEditor.java:1050) [org.eclipse.m2e.editor_1.6.2.20150902-0002.jar:na]
	at org.eclipse.core.internal.jobs.Worker.run(Worker.java:54) [org.eclipse.core.jobs_3.6.1.v20141014-1248.jar:na]
2016-02-15 13:02:26,345 [Worker-0] INFO  o.e.m.c.i.e.AbstractTransferListenerAdapter - Downloading https://repo.maven.apache.org/maven2/com/holmos/holmos-webtest/1.0.2u9/holmos-webtest-1.0.2u9.pom
2016-02-15 13:02:26,533 [Worker-0] INFO  o.e.m.c.i.e.AbstractTransferListenerAdapter - Downloaded https://repo.maven.apache.org/maven2/com/holmos/holmos-webtest/1.0.2u9/holmos-webtest-1.0.2u9.pom
2016-02-15 13:02:26,736 [Worker-0] INFO  o.e.m.c.i.e.AbstractTransferListenerAdapter - Downloading https://repo.maven.apache.org/maven2/org/seleniumhq/selenium/selenium-parent/2.29.0/selenium-parent-2.29.0.pom
2016-02-15 13:02:26,960 [Worker-0] INFO  o.e.m.c.i.e.AbstractTransferListenerAdapter - Downloaded https://repo.maven.apache.org/maven2/org/seleniumhq/selenium/selenium-parent/2.29.0/selenium-parent-2.29.0.pom
2016-02-15 13:02:27,179 [Worker-0] INFO  o.e.m.c.i.e.AbstractTransferListenerAdapter - Downloading https://repo.maven.apache.org/maven2/org/seleniumhq/selenium/selenium-android-driver/2.29.0/selenium-android-driver-2.29.0.pom
2016-02-15 13:02:27,382 [Worker-0] INFO  o.e.m.c.i.e.AbstractTransferListenerAdapter - Downloaded https://repo.maven.apache.org/maven2/org/seleniumhq/selenium/selenium-android-driver/2.29.0/selenium-android-driver-2.29.0.pom
2016-02-15 13:02:27,601 [Worker-0] INFO  o.e.m.c.i.e.AbstractTransferListenerAdapter - Downloading https://repo.maven.apache.org/maven2/org/seleniumhq/selenium/selenium-remote-driver/2.29.0/selenium-remote-driver-2.29.0.pom
2016-02-15 13:02:27,820 [Worker-0] INFO  o.e.m.c.i.e.AbstractTransferListenerAdapter - Downloaded https://repo.maven.apache.org/maven2/org/seleniumhq/selenium/selenium-remote-driver/2.29.0/selenium-remote-driver-2.29.0.pom
2016-02-15 13:02:28,007 [Worker-0] INFO  o.e.m.c.i.e.AbstractTransferListenerAdapter - Downloading https://repo.maven.apache.org/maven2/org/json/json/20080701/json-20080701.pom
2016-02-15 13:02:28,210 [Worker-0] INFO  o.e.m.c.i.e.AbstractTransferListenerAdapter - Downloaded https://repo.maven.apache.org/maven2/org/json/json/20080701/json-20080701.pom
2016-02-15 13:02:28,414 [Worker-0] INFO  o.e.m.c.i.e.AbstractTransferListenerAdapter - Downloading https://repo.maven.apache.org/maven2/org/seleniumhq/selenium/selenium-api/2.29.0/selenium-api-2.29.0.pom
2016-02-15 13:02:28,617 [Worker-0] INFO  o.e.m.c.i.e.AbstractTransferListenerAdapter - Downloaded https://repo.maven.apache.org/maven2/org/seleniumhq/selenium/selenium-api/2.29.0/selenium-api-2.29.0.pom
2016-02-15 13:02:28,820 [Worker-0] INFO  o.e.m.c.i.e.AbstractTransferListenerAdapter - Downloading https://repo.maven.apache.org/maven2/com/google/guava/guava/14.0-rc1/guava-14.0-rc1.pom
2016-02-15 13:02:29,054 [Worker-0] INFO  o.e.m.c.i.e.AbstractTransferListenerAdapter - Downloaded https://repo.maven.apache.org/maven2/com/google/guava/guava/14.0-rc1/guava-14.0-rc1.pom
2016-02-15 13:02:29,455 [Worker-0] INFO  o.e.m.c.i.e.AbstractTransferListenerAdapter - Downloading https://repo.maven.apache.org/maven2/com/google/guava/guava-parent/14.0-rc1/guava-parent-14.0-rc1.pom
2016-02-15 13:02:29,674 [Worker-0] INFO  o.e.m.c.i.e.AbstractTransferListenerAdapter - Downloaded https://repo.maven.apache.org/maven2/com/google/guava/guava-parent/14.0-rc1/guava-parent-14.0-rc1.pom
2016-02-15 13:02:29,892 [Worker-0] INFO  o.e.m.c.i.e.AbstractTransferListenerAdapter - Downloading https://repo.maven.apache.org/maven2/org/apache/httpcomponents/httpclient/4.2.1/httpclient-4.2.1.pom
2016-02-15 13:02:30,096 [Worker-0] INFO  o.e.m.c.i.e.AbstractTransferListenerAdapter - Downloaded https://repo.maven.apache.org/maven2/org/apache/httpcomponents/httpclient/4.2.1/httpclient-4.2.1.pom
2016-02-15 13:02:30,314 [Worker-0] INFO  o.e.m.c.i.e.AbstractTransferListenerAdapter - Downloading https://repo.maven.apache.org/maven2/org/apache/httpcomponents/httpcomponents-client/4.2.1/httpcomponents-client-4.2.1.pom
2016-02-15 13:02:30,549 [Worker-0] INFO  o.e.m.c.i.e.AbstractTransferListenerAdapter - Downloaded https://repo.maven.apache.org/maven2/org/apache/httpcomponents/httpcomponents-client/4.2.1/httpcomponents-client-4.2.1.pom
2016-02-15 13:02:30,783 [Worker-0] INFO  o.e.m.c.i.e.AbstractTransferListenerAdapter - Downloading https://repo.maven.apache.org/maven2/org/apache/httpcomponents/project/6/project-6.pom
2016-02-15 13:02:31,190 [Worker-0] INFO  o.e.m.c.i.e.AbstractTransferListenerAdapter - Downloaded https://repo.maven.apache.org/maven2/org/apache/httpcomponents/project/6/project-6.pom
2016-02-15 13:02:31,408 [Worker-0] INFO  o.e.m.c.i.e.AbstractTransferListenerAdapter - Downloading https://repo.maven.apache.org/maven2/org/apache/httpcomponents/httpcore/4.2.1/httpcore-4.2.1.pom
2016-02-15 13:02:31,612 [Worker-0] INFO  o.e.m.c.i.e.AbstractTransferListenerAdapter - Downloaded https://repo.maven.apache.org/maven2/org/apache/httpcomponents/httpcore/4.2.1/httpcore-4.2.1.pom
2016-02-15 13:02:31,815 [Worker-0] INFO  o.e.m.c.i.e.AbstractTransferListenerAdapter - Downloading https://repo.maven.apache.org/maven2/org/apache/httpcomponents/httpcomponents-core/4.2.1/httpcomponents-core-4.2.1.pom
2016-02-15 13:02:32,018 [Worker-0] INFO  o.e.m.c.i.e.AbstractTransferListenerAdapter - Downloaded https://repo.maven.apache.org/maven2/org/apache/httpcomponents/httpcomponents-core/4.2.1/httpcomponents-core-4.2.1.pom
2016-02-15 13:02:32,237 [Worker-0] INFO  o.e.m.c.i.e.AbstractTransferListenerAdapter - Downloading https://repo.maven.apache.org/maven2/commons-logging/commons-logging/1.1.1/commons-logging-1.1.1.pom
2016-02-15 13:02:32,456 [Worker-0] INFO  o.e.m.c.i.e.AbstractTransferListenerAdapter - Downloaded https://repo.maven.apache.org/maven2/commons-logging/commons-logging/1.1.1/commons-logging-1.1.1.pom
2016-02-15 13:02:32,659 [Worker-0] INFO  o.e.m.c.i.e.AbstractTransferListenerAdapter - Downloading https://repo.maven.apache.org/maven2/org/apache/commons/commons-parent/5/commons-parent-5.pom
2016-02-15 13:02:32,862 [Worker-0] INFO  o.e.m.c.i.e.AbstractTransferListenerAdapter - Downloaded https://repo.maven.apache.org/maven2/org/apache/commons/commons-parent/5/commons-parent-5.pom
2016-02-15 13:02:33,065 [Worker-0] INFO  o.e.m.c.i.e.AbstractTransferListenerAdapter - Downloading https://repo.maven.apache.org/maven2/commons-codec/commons-codec/1.6/commons-codec-1.6.pom
2016-02-15 13:02:33,284 [Worker-0] INFO  o.e.m.c.i.e.AbstractTransferListenerAdapter - Downloaded https://repo.maven.apache.org/maven2/commons-codec/commons-codec/1.6/commons-codec-1.6.pom
2016-02-15 13:02:33,487 [Worker-0] INFO  o.e.m.c.i.e.AbstractTransferListenerAdapter - Downloading https://repo.maven.apache.org/maven2/org/apache/commons/commons-parent/22/commons-parent-22.pom
2016-02-15 13:02:33,878 [Worker-0] INFO  o.e.m.c.i.e.AbstractTransferListenerAdapter - Downloaded https://repo.maven.apache.org/maven2/org/apache/commons/commons-parent/22/commons-parent-22.pom
2016-02-15 13:02:34,097 [Worker-0] INFO  o.e.m.c.i.e.AbstractTransferListenerAdapter - Downloading https://repo.maven.apache.org/maven2/org/apache/commons/commons-exec/1.1/commons-exec-1.1.pom
2016-02-15 13:02:34,284 [Worker-0] INFO  o.e.m.c.i.e.AbstractTransferListenerAdapter - Downloaded https://repo.maven.apache.org/maven2/org/apache/commons/commons-exec/1.1/commons-exec-1.1.pom
2016-02-15 13:02:34,472 [Worker-0] INFO  o.e.m.c.i.e.AbstractTransferListenerAdapter - Downloading https://repo.maven.apache.org/maven2/org/apache/commons/commons-parent/17/commons-parent-17.pom
2016-02-15 13:02:34,847 [Worker-0] INFO  o.e.m.c.i.e.AbstractTransferListenerAdapter - Downloaded https://repo.maven.apache.org/maven2/org/apache/commons/commons-parent/17/commons-parent-17.pom
2016-02-15 13:02:35,066 [Worker-0] INFO  o.e.m.c.i.e.AbstractTransferListenerAdapter - Downloading https://repo.maven.apache.org/maven2/org/apache/apache/7/apache-7.pom
2016-02-15 13:02:35,269 [Worker-0] INFO  o.e.m.c.i.e.AbstractTransferListenerAdapter - Downloaded https://repo.maven.apache.org/maven2/org/apache/apache/7/apache-7.pom
2016-02-15 13:02:35,488 [Worker-0] INFO  o.e.m.c.i.e.AbstractTransferListenerAdapter - Downloading https://repo.maven.apache.org/maven2/net/java/dev/jna/jna/3.4.0/jna-3.4.0.pom
2016-02-15 13:02:35,706 [Worker-0] INFO  o.e.m.c.i.e.AbstractTransferListenerAdapter - Downloaded https://repo.maven.apache.org/maven2/net/java/dev/jna/jna/3.4.0/jna-3.4.0.pom
2016-02-15 13:02:35,925 [Worker-0] INFO  o.e.m.c.i.e.AbstractTransferListenerAdapter - Downloading https://repo.maven.apache.org/maven2/net/java/dev/jna/platform/3.4.0/platform-3.4.0.pom
2016-02-15 13:02:36,113 [Worker-0] INFO  o.e.m.c.i.e.AbstractTransferListenerAdapter - Downloaded https://repo.maven.apache.org/maven2/net/java/dev/jna/platform/3.4.0/platform-3.4.0.pom
2016-02-15 13:02:36,316 [Worker-0] INFO  o.e.m.c.i.e.AbstractTransferListenerAdapter - Downloading https://repo.maven.apache.org/maven2/org/seleniumhq/selenium/selenium-chrome-driver/2.29.0/selenium-chrome-driver-2.29.0.pom
2016-02-15 13:02:36,519 [Worker-0] INFO  o.e.m.c.i.e.AbstractTransferListenerAdapter - Downloaded https://repo.maven.apache.org/maven2/org/seleniumhq/selenium/selenium-chrome-driver/2.29.0/selenium-chrome-driver-2.29.0.pom
2016-02-15 13:02:36,738 [Worker-0] INFO  o.e.m.c.i.e.AbstractTransferListenerAdapter - Downloading https://repo.maven.apache.org/maven2/org/seleniumhq/selenium/selenium-htmlunit-driver/2.29.0/selenium-htmlunit-driver-2.29.0.pom
2016-02-15 13:02:36,957 [Worker-0] INFO  o.e.m.c.i.e.AbstractTransferListenerAdapter - Downloaded https://repo.maven.apache.org/maven2/org/seleniumhq/selenium/selenium-htmlunit-driver/2.29.0/selenium-htmlunit-driver-2.29.0.pom
2016-02-15 13:02:37,160 [Worker-0] INFO  o.e.m.c.i.e.AbstractTransferListenerAdapter - Downloading https://repo.maven.apache.org/maven2/net/sourceforge/htmlunit/htmlunit/2.11/htmlunit-2.11.pom
2016-02-15 13:02:37,566 [Worker-0] INFO  o.e.m.c.i.e.AbstractTransferListenerAdapter - Downloaded https://repo.maven.apache.org/maven2/net/sourceforge/htmlunit/htmlunit/2.11/htmlunit-2.11.pom
2016-02-15 13:02:37,785 [Worker-0] INFO  o.e.m.c.i.e.AbstractTransferListenerAdapter - Downloading https://repo.maven.apache.org/maven2/xalan/xalan/2.7.1/xalan-2.7.1.pom
2016-02-15 13:02:38,004 [Worker-0] INFO  o.e.m.c.i.e.AbstractTransferListenerAdapter - Downloaded https://repo.maven.apache.org/maven2/xalan/xalan/2.7.1/xalan-2.7.1.pom
2016-02-15 13:02:38,207 [Worker-0] INFO  o.e.m.c.i.e.AbstractTransferListenerAdapter - Downloading https://repo.maven.apache.org/maven2/xalan/serializer/2.7.1/serializer-2.7.1.pom
2016-02-15 13:02:38,395 [Worker-0] INFO  o.e.m.c.i.e.AbstractTransferListenerAdapter - Downloaded https://repo.maven.apache.org/maven2/xalan/serializer/2.7.1/serializer-2.7.1.pom
2016-02-15 13:02:38,598 [Worker-0] INFO  o.e.m.c.i.e.AbstractTransferListenerAdapter - Downloading https://repo.maven.apache.org/maven2/org/apache/commons/commons-lang3/3.1/commons-lang3-3.1.pom
2016-02-15 13:02:38,801 [Worker-0] INFO  o.e.m.c.i.e.AbstractTransferListenerAdapter - Downloaded https://repo.maven.apache.org/maven2/org/apache/commons/commons-lang3/3.1/commons-lang3-3.1.pom
2016-02-15 13:02:38,988 [Worker-0] INFO  o.e.m.c.i.e.AbstractTransferListenerAdapter - Downloading https://repo.maven.apache.org/maven2/org/apache/httpcomponents/httpclient/4.2.2/httpclient-4.2.2.pom
2016-02-15 13:02:39,192 [Worker-0] INFO  o.e.m.c.i.e.AbstractTransferListenerAdapter - Downloaded https://repo.maven.apache.org/maven2/org/apache/httpcomponents/httpclient/4.2.2/httpclient-4.2.2.pom
2016-02-15 13:02:39,410 [Worker-0] INFO  o.e.m.c.i.e.AbstractTransferListenerAdapter - Downloading https://repo.maven.apache.org/maven2/org/apache/httpcomponents/httpcomponents-client/4.2.2/httpcomponents-client-4.2.2.pom
2016-02-15 13:02:39,614 [Worker-0] INFO  o.e.m.c.i.e.AbstractTransferListenerAdapter - Downloaded https://repo.maven.apache.org/maven2/org/apache/httpcomponents/httpcomponents-client/4.2.2/httpcomponents-client-4.2.2.pom
2016-02-15 13:02:39,817 [Worker-0] INFO  o.e.m.c.i.e.AbstractTransferListenerAdapter - Downloading https://repo.maven.apache.org/maven2/org/apache/httpcomponents/httpcore/4.2.2/httpcore-4.2.2.pom
2016-02-15 13:02:40,020 [Worker-0] INFO  o.e.m.c.i.e.AbstractTransferListenerAdapter - Downloaded https://repo.maven.apache.org/maven2/org/apache/httpcomponents/httpcore/4.2.2/httpcore-4.2.2.pom
2016-02-15 13:02:40,239 [Worker-0] INFO  o.e.m.c.i.e.AbstractTransferListenerAdapter - Downloading https://repo.maven.apache.org/maven2/org/apache/httpcomponents/httpcomponents-core/4.2.2/httpcomponents-core-4.2.2.pom
2016-02-15 13:02:40,458 [Worker-0] INFO  o.e.m.c.i.e.AbstractTransferListenerAdapter - Downloaded https://repo.maven.apache.org/maven2/org/apache/httpcomponents/httpcomponents-core/4.2.2/httpcomponents-core-4.2.2.pom
2016-02-15 13:02:40,661 [Worker-0] INFO  o.e.m.c.i.e.AbstractTransferListenerAdapter - Downloading https://repo.maven.apache.org/maven2/org/apache/httpcomponents/httpmime/4.2.2/httpmime-4.2.2.pom
2016-02-15 13:02:40,864 [Worker-0] INFO  o.e.m.c.i.e.AbstractTransferListenerAdapter - Downloaded https://repo.maven.apache.org/maven2/org/apache/httpcomponents/httpmime/4.2.2/httpmime-4.2.2.pom
2016-02-15 13:02:41,067 [Worker-0] INFO  o.e.m.c.i.e.AbstractTransferListenerAdapter - Downloading https://repo.maven.apache.org/maven2/commons-codec/commons-codec/1.7/commons-codec-1.7.pom
2016-02-15 13:02:41,286 [Worker-0] INFO  o.e.m.c.i.e.AbstractTransferListenerAdapter - Downloaded https://repo.maven.apache.org/maven2/commons-codec/commons-codec/1.7/commons-codec-1.7.pom
2016-02-15 13:02:41,505 [Worker-0] INFO  o.e.m.c.i.e.AbstractTransferListenerAdapter - Downloading https://repo.maven.apache.org/maven2/org/apache/commons/commons-parent/26/commons-parent-26.pom
2016-02-15 13:02:41,911 [Worker-0] INFO  o.e.m.c.i.e.AbstractTransferListenerAdapter - Downloaded https://repo.maven.apache.org/maven2/org/apache/commons/commons-parent/26/commons-parent-26.pom
2016-02-15 13:02:42,114 [Worker-0] INFO  o.e.m.c.i.e.AbstractTransferListenerAdapter - Downloading https://repo.maven.apache.org/maven2/net/sourceforge/htmlunit/htmlunit-core-js/2.11/htmlunit-core-js-2.11.pom
2016-02-15 13:02:42,302 [Worker-0] INFO  o.e.m.c.i.e.AbstractTransferListenerAdapter - Downloaded https://repo.maven.apache.org/maven2/net/sourceforge/htmlunit/htmlunit-core-js/2.11/htmlunit-core-js-2.11.pom
2016-02-15 13:02:42,505 [Worker-0] INFO  o.e.m.c.i.e.AbstractTransferListenerAdapter - Downloading https://repo.maven.apache.org/maven2/xerces/xercesImpl/2.10.0/xercesImpl-2.10.0.pom
2016-02-15 13:02:42,739 [Worker-0] INFO  o.e.m.c.i.e.AbstractTransferListenerAdapter - Downloaded https://repo.maven.apache.org/maven2/xerces/xercesImpl/2.10.0/xercesImpl-2.10.0.pom
2016-02-15 13:02:42,942 [Worker-0] INFO  o.e.m.c.i.e.AbstractTransferListenerAdapter - Downloading https://repo.maven.apache.org/maven2/net/sourceforge/nekohtml/nekohtml/1.9.17/nekohtml-1.9.17.pom
2016-02-15 13:02:43,146 [Worker-0] INFO  o.e.m.c.i.e.AbstractTransferListenerAdapter - Downloaded https://repo.maven.apache.org/maven2/net/sourceforge/nekohtml/nekohtml/1.9.17/nekohtml-1.9.17.pom
2016-02-15 13:02:43,364 [Worker-0] INFO  o.e.m.c.i.e.AbstractTransferListenerAdapter - Downloading https://repo.maven.apache.org/maven2/net/sourceforge/cssparser/cssparser/0.9.8/cssparser-0.9.8.pom
2016-02-15 13:02:43,583 [Worker-0] INFO  o.e.m.c.i.e.AbstractTransferListenerAdapter - Downloaded https://repo.maven.apache.org/maven2/net/sourceforge/cssparser/cssparser/0.9.8/cssparser-0.9.8.pom
2016-02-15 13:02:43,802 [Worker-0] INFO  o.e.m.c.i.e.AbstractTransferListenerAdapter - Downloading https://repo.maven.apache.org/maven2/org/eclipse/jetty/jetty-websocket/8.1.7.v20120910/jetty-websocket-8.1.7.v20120910.pom
2016-02-15 13:02:44,005 [Worker-0] INFO  o.e.m.c.i.e.AbstractTransferListenerAdapter - Downloaded https://repo.maven.apache.org/maven2/org/eclipse/jetty/jetty-websocket/8.1.7.v20120910/jetty-websocket-8.1.7.v20120910.pom
2016-02-15 13:02:44,208 [Worker-0] INFO  o.e.m.c.i.e.AbstractTransferListenerAdapter - Downloading https://repo.maven.apache.org/maven2/org/eclipse/jetty/jetty-project/8.1.7.v20120910/jetty-project-8.1.7.v20120910.pom
2016-02-15 13:02:44,427 [Worker-0] INFO  o.e.m.c.i.e.AbstractTransferListenerAdapter - Downloaded https://repo.maven.apache.org/maven2/org/eclipse/jetty/jetty-project/8.1.7.v20120910/jetty-project-8.1.7.v20120910.pom
2016-02-15 13:02:44,662 [Worker-0] INFO  o.e.m.c.i.e.AbstractTransferListenerAdapter - Downloading https://repo.maven.apache.org/maven2/org/eclipse/jetty/jetty-parent/20/jetty-parent-20.pom
2016-02-15 13:02:44,865 [Worker-0] INFO  o.e.m.c.i.e.AbstractTransferListenerAdapter - Downloaded https://repo.maven.apache.org/maven2/org/eclipse/jetty/jetty-parent/20/jetty-parent-20.pom
2016-02-15 13:02:45,084 [Worker-0] INFO  o.e.m.c.i.e.AbstractTransferListenerAdapter - Downloading https://repo.maven.apache.org/maven2/org/eclipse/jetty/jetty-util/8.1.7.v20120910/jetty-util-8.1.7.v20120910.pom
2016-02-15 13:02:45,302 [Worker-0] INFO  o.e.m.c.i.e.AbstractTransferListenerAdapter - Downloaded https://repo.maven.apache.org/maven2/org/eclipse/jetty/jetty-util/8.1.7.v20120910/jetty-util-8.1.7.v20120910.pom
2016-02-15 13:02:45,506 [Worker-0] INFO  o.e.m.c.i.e.AbstractTransferListenerAdapter - Downloading https://repo.maven.apache.org/maven2/org/eclipse/jetty/jetty-io/8.1.7.v20120910/jetty-io-8.1.7.v20120910.pom
2016-02-15 13:02:45,709 [Worker-0] INFO  o.e.m.c.i.e.AbstractTransferListenerAdapter - Downloaded https://repo.maven.apache.org/maven2/org/eclipse/jetty/jetty-io/8.1.7.v20120910/jetty-io-8.1.7.v20120910.pom
2016-02-15 13:02:45,928 [Worker-0] INFO  o.e.m.c.i.e.AbstractTransferListenerAdapter - Downloading https://repo.maven.apache.org/maven2/org/eclipse/jetty/jetty-http/8.1.7.v20120910/jetty-http-8.1.7.v20120910.pom
2016-02-15 13:02:46,162 [Worker-0] INFO  o.e.m.c.i.e.AbstractTransferListenerAdapter - Downloaded https://repo.maven.apache.org/maven2/org/eclipse/jetty/jetty-http/8.1.7.v20120910/jetty-http-8.1.7.v20120910.pom
2016-02-15 13:02:46,365 [Worker-0] INFO  o.e.m.c.i.e.AbstractTransferListenerAdapter - Downloading https://repo.maven.apache.org/maven2/org/seleniumhq/selenium/selenium-firefox-driver/2.29.0/selenium-firefox-driver-2.29.0.pom
2016-02-15 13:02:46,568 [Worker-0] INFO  o.e.m.c.i.e.AbstractTransferListenerAdapter - Downloaded https://repo.maven.apache.org/maven2/org/seleniumhq/selenium/selenium-firefox-driver/2.29.0/selenium-firefox-driver-2.29.0.pom
2016-02-15 13:02:46,756 [Worker-0] INFO  o.e.m.c.i.e.AbstractTransferListenerAdapter - Downloading https://repo.maven.apache.org/maven2/commons-io/commons-io/2.2/commons-io-2.2.pom
2016-02-15 13:02:46,990 [Worker-0] INFO  o.e.m.c.i.e.AbstractTransferListenerAdapter - Downloaded https://repo.maven.apache.org/maven2/commons-io/commons-io/2.2/commons-io-2.2.pom
2016-02-15 13:02:47,225 [Worker-0] INFO  o.e.m.c.i.e.AbstractTransferListenerAdapter - Downloading https://repo.maven.apache.org/maven2/org/apache/commons/commons-parent/24/commons-parent-24.pom
2016-02-15 13:02:47,615 [Worker-0] INFO  o.e.m.c.i.e.AbstractTransferListenerAdapter - Downloaded https://repo.maven.apache.org/maven2/org/apache/commons/commons-parent/24/commons-parent-24.pom
2016-02-15 13:02:47,662 [Worker-0] WARN  o.e.m.c.i.embedder.EclipseLogger - The POM for commons-io:commons-io:jar:2.2 is invalid, transitive dependencies (if any) will not be available, enable debug logging for more details
2016-02-15 13:02:47,850 [Worker-2] INFO  o.e.m.c.i.e.AbstractTransferListenerAdapter - Downloading https://repo.maven.apache.org/maven2/org/seleniumhq/selenium/selenium-ie-driver/2.29.0/selenium-ie-driver-2.29.0.pom
2016-02-15 13:02:48,069 [Worker-2] INFO  o.e.m.c.i.e.AbstractTransferListenerAdapter - Downloaded https://repo.maven.apache.org/maven2/org/seleniumhq/selenium/selenium-ie-driver/2.29.0/selenium-ie-driver-2.29.0.pom
2016-02-15 13:02:48,272 [Worker-2] INFO  o.e.m.c.i.e.AbstractTransferListenerAdapter - Downloading https://repo.maven.apache.org/maven2/org/seleniumhq/selenium/selenium-iphone-driver/2.29.0/selenium-iphone-driver-2.29.0.pom
2016-02-15 13:02:48,475 [Worker-2] INFO  o.e.m.c.i.e.AbstractTransferListenerAdapter - Downloaded https://repo.maven.apache.org/maven2/org/seleniumhq/selenium/selenium-iphone-driver/2.29.0/selenium-iphone-driver-2.29.0.pom
2016-02-15 13:02:48,678 [Worker-2] INFO  o.e.m.c.i.e.AbstractTransferListenerAdapter - Downloading https://repo.maven.apache.org/maven2/org/seleniumhq/selenium/selenium-safari-driver/2.29.0/selenium-safari-driver-2.29.0.pom
2016-02-15 13:02:48,881 [Worker-2] INFO  o.e.m.c.i.e.AbstractTransferListenerAdapter - Downloaded https://repo.maven.apache.org/maven2/org/seleniumhq/selenium/selenium-safari-driver/2.29.0/selenium-safari-driver-2.29.0.pom
2016-02-15 13:02:49,085 [Worker-2] INFO  o.e.m.c.i.e.AbstractTransferListenerAdapter - Downloading https://repo.maven.apache.org/maven2/org/seleniumhq/selenium/selenium-support/2.29.0/selenium-support-2.29.0.pom
2016-02-15 13:02:49,288 [Worker-2] INFO  o.e.m.c.i.e.AbstractTransferListenerAdapter - Downloaded https://repo.maven.apache.org/maven2/org/seleniumhq/selenium/selenium-support/2.29.0/selenium-support-2.29.0.pom
2016-02-15 13:02:49,514 [Worker-2] INFO  o.e.m.c.i.e.AbstractTransferListenerAdapter - Downloading https://repo.maven.apache.org/maven2/junit/junit/4.10/junit-4.10.pom
2016-02-15 13:02:49,732 [Worker-2] INFO  o.e.m.c.i.e.AbstractTransferListenerAdapter - Downloaded https://repo.maven.apache.org/maven2/junit/junit/4.10/junit-4.10.pom
2016-02-15 13:02:49,951 [Worker-2] INFO  o.e.m.c.i.e.AbstractTransferListenerAdapter - Downloading https://repo.maven.apache.org/maven2/org/hamcrest/hamcrest-core/1.1/hamcrest-core-1.1.pom
2016-02-15 13:02:50,154 [Worker-2] INFO  o.e.m.c.i.e.AbstractTransferListenerAdapter - Downloaded https://repo.maven.apache.org/maven2/org/hamcrest/hamcrest-core/1.1/hamcrest-core-1.1.pom
2016-02-15 13:02:50,342 [Worker-2] INFO  o.e.m.c.i.e.AbstractTransferListenerAdapter - Downloading https://repo.maven.apache.org/maven2/org/hamcrest/hamcrest-parent/1.1/hamcrest-parent-1.1.pom
2016-02-15 13:02:50,545 [Worker-2] INFO  o.e.m.c.i.e.AbstractTransferListenerAdapter - Downloaded https://repo.maven.apache.org/maven2/org/hamcrest/hamcrest-parent/1.1/hamcrest-parent-1.1.pom
2016-02-15 13:02:50,748 [Worker-2] INFO  o.e.m.c.i.e.AbstractTransferListenerAdapter - Downloading https://repo.maven.apache.org/maven2/org/apache/poi/poi/3.8/poi-3.8.pom
2016-02-15 13:02:50,936 [Worker-2] INFO  o.e.m.c.i.e.AbstractTransferListenerAdapter - Downloaded https://repo.maven.apache.org/maven2/org/apache/poi/poi/3.8/poi-3.8.pom
2016-02-15 13:02:51,139 [Worker-2] INFO  o.e.m.c.i.e.AbstractTransferListenerAdapter - Downloading https://repo.maven.apache.org/maven2/org/apache/poi/poi-ooxml/3.8/poi-ooxml-3.8.pom
2016-02-15 13:02:51,373 [Worker-2] INFO  o.e.m.c.i.e.AbstractTransferListenerAdapter - Downloaded https://repo.maven.apache.org/maven2/org/apache/poi/poi-ooxml/3.8/poi-ooxml-3.8.pom
2016-02-15 13:02:51,592 [Worker-2] INFO  o.e.m.c.i.e.AbstractTransferListenerAdapter - Downloading https://repo.maven.apache.org/maven2/org/apache/poi/poi-ooxml-schemas/3.8/poi-ooxml-schemas-3.8.pom
2016-02-15 13:02:51,811 [Worker-2] INFO  o.e.m.c.i.e.AbstractTransferListenerAdapter - Downloaded https://repo.maven.apache.org/maven2/org/apache/poi/poi-ooxml-schemas/3.8/poi-ooxml-schemas-3.8.pom
2016-02-15 13:02:52,030 [Worker-2] INFO  o.e.m.c.i.e.AbstractTransferListenerAdapter - Downloading https://repo.maven.apache.org/maven2/net/sf/opencsv/opencsv/2.3/opencsv-2.3.pom
2016-02-15 13:02:52,233 [Worker-2] INFO  o.e.m.c.i.e.AbstractTransferListenerAdapter - Downloaded https://repo.maven.apache.org/maven2/net/sf/opencsv/opencsv/2.3/opencsv-2.3.pom
2016-02-15 13:02:52,467 [Worker-2] INFO  o.e.m.c.i.e.AbstractTransferListenerAdapter - Downloading https://repo.maven.apache.org/maven2/xml-apis/xml-apis/2.0.2/xml-apis-2.0.2.pom
2016-02-15 13:02:52,686 [Worker-2] INFO  o.e.m.c.i.e.AbstractTransferListenerAdapter - Downloaded https://repo.maven.apache.org/maven2/xml-apis/xml-apis/2.0.2/xml-apis-2.0.2.pom
2016-02-15 13:02:52,874 [Worker-2] INFO  o.e.m.c.i.e.AbstractTransferListenerAdapter - Downloading https://repo.maven.apache.org/maven2/mysql/mysql-connector-java/5.1.21/mysql-connector-java-5.1.21.pom
2016-02-15 13:02:53,077 [Worker-2] INFO  o.e.m.c.i.e.AbstractTransferListenerAdapter - Downloaded https://repo.maven.apache.org/maven2/mysql/mysql-connector-java/5.1.21/mysql-connector-java-5.1.21.pom
2016-02-15 13:02:53,280 [Worker-2] INFO  o.e.m.c.i.e.AbstractTransferListenerAdapter - Downloading https://repo.maven.apache.org/maven2/com/holmos/holmos-reflectAssert/1.0.2u9/holmos-reflectAssert-1.0.2u9.pom
2016-02-15 13:02:53,561 [Worker-2] INFO  o.e.m.c.i.e.AbstractTransferListenerAdapter - Downloaded https://repo.maven.apache.org/maven2/com/holmos/holmos-reflectAssert/1.0.2u9/holmos-reflectAssert-1.0.2u9.pom
2016-02-15 13:02:53,765 [Worker-2] INFO  o.e.m.c.i.e.AbstractTransferListenerAdapter - Downloading https://repo.maven.apache.org/maven2/commons-lang/commons-lang/2.6/commons-lang-2.6.pom
2016-02-15 13:02:53,968 [Worker-2] INFO  o.e.m.c.i.e.AbstractTransferListenerAdapter - Downloaded https://repo.maven.apache.org/maven2/commons-lang/commons-lang/2.6/commons-lang-2.6.pom
2016-02-15 13:02:54,233 [Worker-2] INFO  o.e.m.c.i.e.AbstractTransferListenerAdapter - Downloading https://repo.maven.apache.org/maven2/org/testng/testng/6.3.1/testng-6.3.1.jar
2016-02-15 13:02:55,755 [Worker-2] INFO  o.e.m.c.i.e.AbstractTransferListenerAdapter - Downloaded https://repo.maven.apache.org/maven2/org/testng/testng/6.3.1/testng-6.3.1.jar
2016-02-15 13:02:55,927 [Worker-2] INFO  o.e.m.c.i.e.AbstractTransferListenerAdapter - Downloading https://repo.maven.apache.org/maven2/org/beanshell/bsh/2.0b4/bsh-2.0b4.jar
2016-02-15 13:02:56,959 [Worker-2] INFO  o.e.m.c.i.e.AbstractTransferListenerAdapter - Downloaded https://repo.maven.apache.org/maven2/org/beanshell/bsh/2.0b4/bsh-2.0b4.jar
2016-02-15 13:02:57,162 [Worker-2] INFO  o.e.m.c.i.e.AbstractTransferListenerAdapter - Downloading https://repo.maven.apache.org/maven2/com/beust/jcommander/1.12/jcommander-1.12.jar
2016-02-15 13:02:57,414 [Worker-2] INFO  o.e.m.c.i.e.AbstractTransferListenerAdapter - Downloaded https://repo.maven.apache.org/maven2/com/beust/jcommander/1.12/jcommander-1.12.jar
2016-02-15 13:02:57,602 [Worker-2] INFO  o.e.m.c.i.e.AbstractTransferListenerAdapter - Downloading https://repo.maven.apache.org/maven2/org/yaml/snakeyaml/1.6/snakeyaml-1.6.jar
2016-02-15 13:02:58,008 [Worker-2] INFO  o.e.m.c.i.e.AbstractTransferListenerAdapter - Downloaded https://repo.maven.apache.org/maven2/org/yaml/snakeyaml/1.6/snakeyaml-1.6.jar
2016-02-15 13:02:58,196 [Worker-2] INFO  o.e.m.c.i.e.AbstractTransferListenerAdapter - Downloading https://repo.maven.apache.org/maven2/org/seleniumhq/selenium/selenium-java/2.47.1/selenium-java-2.47.1.jar
2016-02-15 13:02:58,397 [Worker-2] INFO  o.e.m.c.i.e.AbstractTransferListenerAdapter - Downloaded https://repo.maven.apache.org/maven2/org/seleniumhq/selenium/selenium-java/2.47.1/selenium-java-2.47.1.jar
2016-02-15 13:02:58,600 [Worker-2] INFO  o.e.m.c.i.e.AbstractTransferListenerAdapter - Downloading https://repo.maven.apache.org/maven2/org/seleniumhq/selenium/selenium-chrome-driver/2.47.1/selenium-chrome-driver-2.47.1.jar
2016-02-15 13:02:58,881 [Worker-2] INFO  o.e.m.c.i.e.AbstractTransferListenerAdapter - Downloaded https://repo.maven.apache.org/maven2/org/seleniumhq/selenium/selenium-chrome-driver/2.47.1/selenium-chrome-driver-2.47.1.jar
2016-02-15 13:02:59,053 [Worker-2] INFO  o.e.m.c.i.e.AbstractTransferListenerAdapter - Downloading https://repo.maven.apache.org/maven2/org/seleniumhq/selenium/selenium-remote-driver/2.47.1/selenium-remote-driver-2.47.1.jar
2016-02-15 13:02:59,460 [Worker-2] INFO  o.e.m.c.i.e.AbstractTransferListenerAdapter - Downloaded https://repo.maven.apache.org/maven2/org/seleniumhq/selenium/selenium-remote-driver/2.47.1/selenium-remote-driver-2.47.1.jar
2016-02-15 13:02:59,632 [Worker-2] INFO  o.e.m.c.i.e.AbstractTransferListenerAdapter - Downloading https://repo.maven.apache.org/maven2/cglib/cglib-nodep/2.1_3/cglib-nodep-2.1_3.jar
2016-02-15 13:03:00,225 [Worker-2] INFO  o.e.m.c.i.e.AbstractTransferListenerAdapter - Downloaded https://repo.maven.apache.org/maven2/cglib/cglib-nodep/2.1_3/cglib-nodep-2.1_3.jar
2016-02-15 13:03:00,429 [Worker-2] INFO  o.e.m.c.i.e.AbstractTransferListenerAdapter - Downloading https://repo.maven.apache.org/maven2/com/google/code/gson/gson/2.3.1/gson-2.3.1.jar
2016-02-15 13:03:01,023 [Worker-2] INFO  o.e.m.c.i.e.AbstractTransferListenerAdapter - Downloaded https://repo.maven.apache.org/maven2/com/google/code/gson/gson/2.3.1/gson-2.3.1.jar
2016-02-15 13:03:01,210 [Worker-2] INFO  o.e.m.c.i.e.AbstractTransferListenerAdapter - Downloading https://repo.maven.apache.org/maven2/org/seleniumhq/selenium/selenium-api/2.47.1/selenium-api-2.47.1.jar
2016-02-15 13:03:01,616 [Worker-2] INFO  o.e.m.c.i.e.AbstractTransferListenerAdapter - Downloaded https://repo.maven.apache.org/maven2/org/seleniumhq/selenium/selenium-api/2.47.1/selenium-api-2.47.1.jar
2016-02-15 13:03:01,820 [Worker-2] INFO  o.e.m.c.i.e.AbstractTransferListenerAdapter - Downloading https://repo.maven.apache.org/maven2/com/google/guava/guava/18.0/guava-18.0.jar
2016-02-15 13:03:07,326 [Worker-2] INFO  o.e.m.c.i.e.AbstractTransferListenerAdapter - Downloaded https://repo.maven.apache.org/maven2/com/google/guava/guava/18.0/guava-18.0.jar
2016-02-15 13:03:07,514 [Worker-2] INFO  o.e.m.c.i.e.AbstractTransferListenerAdapter - Downloading https://repo.maven.apache.org/maven2/org/seleniumhq/selenium/selenium-edge-driver/2.47.1/selenium-edge-driver-2.47.1.jar
2016-02-15 13:03:07,717 [Worker-2] INFO  o.e.m.c.i.e.AbstractTransferListenerAdapter - Downloaded https://repo.maven.apache.org/maven2/org/seleniumhq/selenium/selenium-edge-driver/2.47.1/selenium-edge-driver-2.47.1.jar
2016-02-15 13:03:07,920 [Worker-2] INFO  o.e.m.c.i.e.AbstractTransferListenerAdapter - Downloading https://repo.maven.apache.org/maven2/commons-io/commons-io/2.4/commons-io-2.4.jar
2016-02-15 13:03:08,514 [Worker-2] INFO  o.e.m.c.i.e.AbstractTransferListenerAdapter - Downloaded https://repo.maven.apache.org/maven2/commons-io/commons-io/2.4/commons-io-2.4.jar
2016-02-15 13:03:08,702 [Worker-2] INFO  o.e.m.c.i.e.AbstractTransferListenerAdapter - Downloading https://repo.maven.apache.org/maven2/org/apache/commons/commons-exec/1.3/commons-exec-1.3.jar
2016-02-15 13:03:08,936 [Worker-2] INFO  o.e.m.c.i.e.AbstractTransferListenerAdapter - Downloaded https://repo.maven.apache.org/maven2/org/apache/commons/commons-exec/1.3/commons-exec-1.3.jar
2016-02-15 13:03:09,124 [Worker-2] INFO  o.e.m.c.i.e.AbstractTransferListenerAdapter - Downloading https://repo.maven.apache.org/maven2/org/seleniumhq/selenium/selenium-htmlunit-driver/2.47.1/selenium-htmlunit-driver-2.47.1.jar
2016-02-15 13:03:09,343 [Worker-2] INFO  o.e.m.c.i.e.AbstractTransferListenerAdapter - Downloaded https://repo.maven.apache.org/maven2/org/seleniumhq/selenium/selenium-htmlunit-driver/2.47.1/selenium-htmlunit-driver-2.47.1.jar
2016-02-15 13:03:09,530 [Worker-2] INFO  o.e.m.c.i.e.AbstractTransferListenerAdapter - Downloading https://repo.maven.apache.org/maven2/net/sourceforge/htmlunit/htmlunit/2.17/htmlunit-2.17.jar
2016-02-15 13:03:13,093 [Worker-2] INFO  o.e.m.c.i.e.AbstractTransferListenerAdapter - Downloaded https://repo.maven.apache.org/maven2/net/sourceforge/htmlunit/htmlunit/2.17/htmlunit-2.17.jar
2016-02-15 13:03:13,281 [Worker-2] INFO  o.e.m.c.i.e.AbstractTransferListenerAdapter - Downloading https://repo.maven.apache.org/maven2/xalan/xalan/2.7.2/xalan-2.7.2.jar
2016-02-15 13:03:24,205 [Worker-2] INFO  o.e.m.c.i.e.AbstractTransferListenerAdapter - Downloaded https://repo.maven.apache.org/maven2/xalan/xalan/2.7.2/xalan-2.7.2.jar
2016-02-15 13:03:24,409 [Worker-2] INFO  o.e.m.c.i.e.AbstractTransferListenerAdapter - Downloading https://repo.maven.apache.org/maven2/xalan/serializer/2.7.2/serializer-2.7.2.jar
2016-02-15 13:03:26,242 [Worker-2] INFO  o.e.m.c.i.e.AbstractTransferListenerAdapter - Downloaded https://repo.maven.apache.org/maven2/xalan/serializer/2.7.2/serializer-2.7.2.jar
2016-02-15 13:03:26,429 [Worker-2] INFO  o.e.m.c.i.e.AbstractTransferListenerAdapter - Downloading https://repo.maven.apache.org/maven2/commons-collections/commons-collections/3.2.1/commons-collections-3.2.1.jar
2016-02-15 13:03:28,461 [Worker-2] INFO  o.e.m.c.i.e.AbstractTransferListenerAdapter - Downloaded https://repo.maven.apache.org/maven2/commons-collections/commons-collections/3.2.1/commons-collections-3.2.1.jar
2016-02-15 13:03:28,664 [Worker-2] INFO  o.e.m.c.i.e.AbstractTransferListenerAdapter - Downloading https://repo.maven.apache.org/maven2/org/apache/commons/commons-lang3/3.4/commons-lang3-3.4.jar
2016-02-15 13:03:29,633 [Worker-2] INFO  o.e.m.c.i.e.AbstractTransferListenerAdapter - Downloaded https://repo.maven.apache.org/maven2/org/apache/commons/commons-lang3/3.4/commons-lang3-3.4.jar
2016-02-15 13:03:29,821 [Worker-2] INFO  o.e.m.c.i.e.AbstractTransferListenerAdapter - Downloading https://repo.maven.apache.org/maven2/org/apache/httpcomponents/httpmime/4.4.1/httpmime-4.4.1.jar
2016-02-15 13:03:30,133 [Worker-2] INFO  o.e.m.c.i.e.AbstractTransferListenerAdapter - Downloaded https://repo.maven.apache.org/maven2/org/apache/httpcomponents/httpmime/4.4.1/httpmime-4.4.1.jar
2016-02-15 13:03:30,336 [Worker-2] INFO  o.e.m.c.i.e.AbstractTransferListenerAdapter - Downloading https://repo.maven.apache.org/maven2/net/sourceforge/htmlunit/htmlunit-core-js/2.17/htmlunit-core-js-2.17.jar
2016-02-15 13:03:31,524 [Worker-2] INFO  o.e.m.c.i.e.AbstractTransferListenerAdapter - Downloaded https://repo.maven.apache.org/maven2/net/sourceforge/htmlunit/htmlunit-core-js/2.17/htmlunit-core-js-2.17.jar
2016-02-15 13:03:31,712 [Worker-2] INFO  o.e.m.c.i.e.AbstractTransferListenerAdapter - Downloading https://repo.maven.apache.org/maven2/xerces/xercesImpl/2.11.0/xercesImpl-2.11.0.jar
2016-02-15 13:03:34,122 [Worker-2] INFO  o.e.m.c.i.e.AbstractTransferListenerAdapter - Downloaded https://repo.maven.apache.org/maven2/xerces/xercesImpl/2.11.0/xercesImpl-2.11.0.jar
2016-02-15 13:03:34,294 [Worker-2] INFO  o.e.m.c.i.e.AbstractTransferListenerAdapter - Downloading https://repo.maven.apache.org/maven2/net/sourceforge/nekohtml/nekohtml/1.9.22/nekohtml-1.9.22.jar
2016-02-15 13:03:34,716 [Worker-2] INFO  o.e.m.c.i.e.AbstractTransferListenerAdapter - Downloaded https://repo.maven.apache.org/maven2/net/sourceforge/nekohtml/nekohtml/1.9.22/nekohtml-1.9.22.jar
2016-02-15 13:03:34,903 [Worker-2] INFO  o.e.m.c.i.e.AbstractTransferListenerAdapter - Downloading https://repo.maven.apache.org/maven2/net/sourceforge/cssparser/cssparser/0.9.16/cssparser-0.9.16.jar
2016-02-15 13:03:35,888 [Worker-2] INFO  o.e.m.c.i.e.AbstractTransferListenerAdapter - Downloaded https://repo.maven.apache.org/maven2/net/sourceforge/cssparser/cssparser/0.9.16/cssparser-0.9.16.jar
2016-02-15 13:03:36,075 [Worker-2] INFO  o.e.m.c.i.e.AbstractTransferListenerAdapter - Downloading https://repo.maven.apache.org/maven2/org/w3c/css/sac/1.3/sac-1.3.jar
2016-02-15 13:03:36,466 [Worker-2] INFO  o.e.m.c.i.e.AbstractTransferListenerAdapter - Downloaded https://repo.maven.apache.org/maven2/org/w3c/css/sac/1.3/sac-1.3.jar
2016-02-15 13:03:36,653 [Worker-2] INFO  o.e.m.c.i.e.AbstractTransferListenerAdapter - Downloading https://repo.maven.apache.org/maven2/org/eclipse/jetty/websocket/websocket-client/9.2.11.v20150529/websocket-client-9.2.11.v20150529.jar
2016-02-15 13:03:36,997 [Worker-2] INFO  o.e.m.c.i.e.AbstractTransferListenerAdapter - Downloaded https://repo.maven.apache.org/maven2/org/eclipse/jetty/websocket/websocket-client/9.2.11.v20150529/websocket-client-9.2.11.v20150529.jar
2016-02-15 13:03:37,185 [Worker-2] INFO  o.e.m.c.i.e.AbstractTransferListenerAdapter - Downloading https://repo.maven.apache.org/maven2/org/eclipse/jetty/jetty-util/9.2.11.v20150529/jetty-util-9.2.11.v20150529.jar
2016-02-15 13:03:38,145 [Worker-2] INFO  o.e.m.c.i.e.AbstractTransferListenerAdapter - Downloaded https://repo.maven.apache.org/maven2/org/eclipse/jetty/jetty-util/9.2.11.v20150529/jetty-util-9.2.11.v20150529.jar
2016-02-15 13:03:38,333 [Worker-2] INFO  o.e.m.c.i.e.AbstractTransferListenerAdapter - Downloading https://repo.maven.apache.org/maven2/org/eclipse/jetty/jetty-io/9.2.11.v20150529/jetty-io-9.2.11.v20150529.jar
2016-02-15 13:03:38,708 [Worker-2] INFO  o.e.m.c.i.e.AbstractTransferListenerAdapter - Downloaded https://repo.maven.apache.org/maven2/org/eclipse/jetty/jetty-io/9.2.11.v20150529/jetty-io-9.2.11.v20150529.jar
2016-02-15 13:03:38,880 [Worker-2] INFO  o.e.m.c.i.e.AbstractTransferListenerAdapter - Downloading https://repo.maven.apache.org/maven2/org/eclipse/jetty/websocket/websocket-common/9.2.11.v20150529/websocket-common-9.2.11.v20150529.jar
2016-02-15 13:03:39,442 [Worker-2] INFO  o.e.m.c.i.e.AbstractTransferListenerAdapter - Downloaded https://repo.maven.apache.org/maven2/org/eclipse/jetty/websocket/websocket-common/9.2.11.v20150529/websocket-common-9.2.11.v20150529.jar
2016-02-15 13:03:39,630 [Worker-2] INFO  o.e.m.c.i.e.AbstractTransferListenerAdapter - Downloading https://repo.maven.apache.org/maven2/org/eclipse/jetty/websocket/websocket-api/9.2.11.v20150529/websocket-api-9.2.11.v20150529.jar
2016-02-15 13:03:40,005 [Worker-2] INFO  o.e.m.c.i.e.AbstractTransferListenerAdapter - Downloaded https://repo.maven.apache.org/maven2/org/eclipse/jetty/websocket/websocket-api/9.2.11.v20150529/websocket-api-9.2.11.v20150529.jar
2016-02-15 13:03:40,193 [Worker-2] INFO  o.e.m.c.i.e.AbstractTransferListenerAdapter - Downloading https://repo.maven.apache.org/maven2/org/apache/httpcomponents/httpclient/4.4.1/httpclient-4.4.1.jar
2016-02-15 13:03:41,568 [Worker-2] INFO  o.e.m.c.i.e.AbstractTransferListenerAdapter - Downloaded https://repo.maven.apache.org/maven2/org/apache/httpcomponents/httpclient/4.4.1/httpclient-4.4.1.jar
2016-02-15 13:03:41,755 [Worker-2] INFO  o.e.m.c.i.e.AbstractTransferListenerAdapter - Downloading https://repo.maven.apache.org/maven2/org/apache/httpcomponents/httpcore/4.4.1/httpcore-4.4.1.jar
2016-02-15 13:03:42,365 [Worker-2] INFO  o.e.m.c.i.e.AbstractTransferListenerAdapter - Downloaded https://repo.maven.apache.org/maven2/org/apache/httpcomponents/httpcore/4.4.1/httpcore-4.4.1.jar
2016-02-15 13:03:42,568 [Worker-2] INFO  o.e.m.c.i.e.AbstractTransferListenerAdapter - Downloading https://repo.maven.apache.org/maven2/org/seleniumhq/selenium/selenium-firefox-driver/2.47.1/selenium-firefox-driver-2.47.1.jar
2016-02-15 13:03:46,006 [Worker-2] INFO  o.e.m.c.i.e.AbstractTransferListenerAdapter - Downloaded https://repo.maven.apache.org/maven2/org/seleniumhq/selenium/selenium-firefox-driver/2.47.1/selenium-firefox-driver-2.47.1.jar
2016-02-15 13:03:46,194 [Worker-2] INFO  o.e.m.c.i.e.AbstractTransferListenerAdapter - Downloading https://repo.maven.apache.org/maven2/org/seleniumhq/selenium/selenium-ie-driver/2.47.1/selenium-ie-driver-2.47.1.jar
2016-02-15 13:03:46,507 [Worker-2] INFO  o.e.m.c.i.e.AbstractTransferListenerAdapter - Downloaded https://repo.maven.apache.org/maven2/org/seleniumhq/selenium/selenium-ie-driver/2.47.1/selenium-ie-driver-2.47.1.jar
2016-02-15 13:03:46,678 [Worker-2] INFO  o.e.m.c.i.e.AbstractTransferListenerAdapter - Downloading https://repo.maven.apache.org/maven2/net/java/dev/jna/jna/4.1.0/jna-4.1.0.jar
2016-02-15 13:03:48,132 [Worker-2] INFO  o.e.m.c.i.e.AbstractTransferListenerAdapter - Downloaded https://repo.maven.apache.org/maven2/net/java/dev/jna/jna/4.1.0/jna-4.1.0.jar
2016-02-15 13:03:48,304 [Worker-2] INFO  o.e.m.c.i.e.AbstractTransferListenerAdapter - Downloading https://repo.maven.apache.org/maven2/net/java/dev/jna/jna-platform/4.1.0/jna-platform-4.1.0.jar
2016-02-15 13:03:50,945 [Worker-2] INFO  o.e.m.c.i.e.AbstractTransferListenerAdapter - Downloaded https://repo.maven.apache.org/maven2/net/java/dev/jna/jna-platform/4.1.0/jna-platform-4.1.0.jar
2016-02-15 13:03:51,133 [Worker-2] INFO  o.e.m.c.i.e.AbstractTransferListenerAdapter - Downloading https://repo.maven.apache.org/maven2/org/seleniumhq/selenium/selenium-safari-driver/2.47.1/selenium-safari-driver-2.47.1.jar
2016-02-15 13:03:51,852 [Worker-2] INFO  o.e.m.c.i.e.AbstractTransferListenerAdapter - Downloaded https://repo.maven.apache.org/maven2/org/seleniumhq/selenium/selenium-safari-driver/2.47.1/selenium-safari-driver-2.47.1.jar
2016-02-15 13:03:52,023 [Worker-2] INFO  o.e.m.c.i.e.AbstractTransferListenerAdapter - Downloading https://repo.maven.apache.org/maven2/org/seleniumhq/selenium/selenium-support/2.47.1/selenium-support-2.47.1.jar
2016-02-15 13:03:52,399 [Worker-2] INFO  o.e.m.c.i.e.AbstractTransferListenerAdapter - Downloaded https://repo.maven.apache.org/maven2/org/seleniumhq/selenium/selenium-support/2.47.1/selenium-support-2.47.1.jar
2016-02-15 13:03:52,586 [Worker-2] INFO  o.e.m.c.i.e.AbstractTransferListenerAdapter - Downloading https://repo.maven.apache.org/maven2/org/webbitserver/webbit/0.4.14/webbit-0.4.14.jar
2016-02-15 13:03:52,961 [Worker-2] INFO  o.e.m.c.i.e.AbstractTransferListenerAdapter - Downloaded https://repo.maven.apache.org/maven2/org/webbitserver/webbit/0.4.14/webbit-0.4.14.jar
2016-02-15 13:03:53,133 [Worker-2] INFO  o.e.m.c.i.e.AbstractTransferListenerAdapter - Downloading https://repo.maven.apache.org/maven2/io/netty/netty/3.5.2.Final/netty-3.5.2.Final.jar
2016-02-15 13:03:55,352 [Worker-2] INFO  o.e.m.c.i.e.AbstractTransferListenerAdapter - Downloaded https://repo.maven.apache.org/maven2/io/netty/netty/3.5.2.Final/netty-3.5.2.Final.jar
2016-02-15 13:03:55,556 [Worker-2] INFO  o.e.m.c.i.e.AbstractTransferListenerAdapter - Downloading https://repo.maven.apache.org/maven2/org/seleniumhq/selenium/selenium-leg-rc/2.47.1/selenium-leg-rc-2.47.1.jar
2016-02-15 13:03:56,477 [Worker-2] INFO  o.e.m.c.i.e.AbstractTransferListenerAdapter - Downloaded https://repo.maven.apache.org/maven2/org/seleniumhq/selenium/selenium-leg-rc/2.47.1/selenium-leg-rc-2.47.1.jar
2016-02-15 13:03:56,649 [Worker-2] INFO  o.e.m.c.i.e.AbstractTransferListenerAdapter - Downloading https://repo.maven.apache.org/maven2/org/seleniumhq/selenium/selenium-server/2.47.1/selenium-server-2.47.1.jar
2016-02-15 13:03:59,460 [Worker-2] INFO  o.e.m.c.i.e.AbstractTransferListenerAdapter - Downloaded https://repo.maven.apache.org/maven2/org/seleniumhq/selenium/selenium-server/2.47.1/selenium-server-2.47.1.jar
2016-02-15 13:03:59,632 [Worker-2] INFO  o.e.m.c.i.e.AbstractTransferListenerAdapter - Downloading https://repo.maven.apache.org/maven2/org/bouncycastle/bcprov-jdk15on/1.48/bcprov-jdk15on-1.48.jar
2016-02-15 13:04:02,458 [Worker-2] INFO  o.e.m.c.i.e.AbstractTransferListenerAdapter - Downloaded https://repo.maven.apache.org/maven2/org/bouncycastle/bcprov-jdk15on/1.48/bcprov-jdk15on-1.48.jar
2016-02-15 13:04:02,645 [Worker-2] INFO  o.e.m.c.i.e.AbstractTransferListenerAdapter - Downloading https://repo.maven.apache.org/maven2/org/bouncycastle/bcpkix-jdk15on/1.48/bcpkix-jdk15on-1.48.jar
2016-02-15 13:04:03,583 [Worker-2] INFO  o.e.m.c.i.e.AbstractTransferListenerAdapter - Downloaded https://repo.maven.apache.org/maven2/org/bouncycastle/bcpkix-jdk15on/1.48/bcpkix-jdk15on-1.48.jar
2016-02-15 13:04:03,755 [Worker-2] INFO  o.e.m.c.i.e.AbstractTransferListenerAdapter - Downloading https://repo.maven.apache.org/maven2/mx4j/mx4j-tools/3.0.1/mx4j-tools-3.0.1.jar
2016-02-15 13:04:04,505 [Worker-2] INFO  o.e.m.c.i.e.AbstractTransferListenerAdapter - Downloaded https://repo.maven.apache.org/maven2/mx4j/mx4j-tools/3.0.1/mx4j-tools-3.0.1.jar
2016-02-15 13:04:04,708 [Worker-2] INFO  o.e.m.c.i.e.AbstractTransferListenerAdapter - Downloading https://repo.maven.apache.org/maven2/org/mortbay/jetty/servlet-api-2.5/6.1.9/servlet-api-2.5-6.1.9.jar
2016-02-15 13:04:04,927 [Worker-2] INFO  o.e.m.c.i.e.AbstractTransferListenerAdapter - Downloaded https://repo.maven.apache.org/maven2/org/mortbay/jetty/servlet-api-2.5/6.1.9/servlet-api-2.5-6.1.9.jar
2016-02-15 13:04:05,114 [Worker-2] INFO  o.e.m.c.i.e.AbstractTransferListenerAdapter - Downloading https://repo.maven.apache.org/maven2/org/seleniumhq/selenium/jetty-repacked/7.6.1/jetty-repacked-7.6.1.jar
2016-02-15 13:04:06,677 [Worker-2] INFO  o.e.m.c.i.e.AbstractTransferListenerAdapter - Downloaded https://repo.maven.apache.org/maven2/org/seleniumhq/selenium/jetty-repacked/7.6.1/jetty-repacked-7.6.1.jar
2016-02-15 13:04:06,880 [Worker-2] INFO  o.e.m.c.i.e.AbstractTransferListenerAdapter - Downloading https://repo.maven.apache.org/maven2/org/seleniumhq/selenium/jetty-rc-repacked/5/jetty-rc-repacked-5.jar
2016-02-15 13:04:08,044 [Worker-2] INFO  o.e.m.c.i.e.AbstractTransferListenerAdapter - Downloaded https://repo.maven.apache.org/maven2/org/seleniumhq/selenium/jetty-rc-repacked/5/jetty-rc-repacked-5.jar
2016-02-15 13:04:08,216 [Worker-2] INFO  o.e.m.c.i.e.AbstractTransferListenerAdapter - Downloading https://repo.maven.apache.org/maven2/net/jcip/jcip-annotations/1.0/jcip-annotations-1.0.jar
2016-02-15 13:04:08,419 [Worker-2] INFO  o.e.m.c.i.e.AbstractTransferListenerAdapter - Downloaded https://repo.maven.apache.org/maven2/net/jcip/jcip-annotations/1.0/jcip-annotations-1.0.jar
2016-02-15 13:04:08,606 [Worker-2] INFO  o.e.m.c.i.e.AbstractTransferListenerAdapter - Downloading https://repo.maven.apache.org/maven2/commons-codec/commons-codec/1.10/commons-codec-1.10.jar
2016-02-15 13:04:08,997 [Worker-2] INFO  o.e.m.c.i.e.AbstractTransferListenerAdapter - Downloaded https://repo.maven.apache.org/maven2/commons-codec/commons-codec/1.10/commons-codec-1.10.jar
2016-02-15 13:04:09,184 [Worker-2] INFO  o.e.m.c.i.e.AbstractTransferListenerAdapter - Downloading https://repo.maven.apache.org/maven2/log4j/log4j/1.2.17/log4j-1.2.17.jar
2016-02-15 13:04:09,950 [Worker-2] INFO  o.e.m.c.i.e.AbstractTransferListenerAdapter - Downloaded https://repo.maven.apache.org/maven2/log4j/log4j/1.2.17/log4j-1.2.17.jar
2016-02-15 13:04:10,153 [Worker-2] INFO  o.e.m.c.i.e.AbstractTransferListenerAdapter - Downloading https://repo.maven.apache.org/maven2/org/apache/poi/poi/3.10.1/poi-3.10.1.jar
2016-02-15 13:04:13,162 [Worker-2] INFO  o.e.m.c.i.e.AbstractTransferListenerAdapter - Downloaded https://repo.maven.apache.org/maven2/org/apache/poi/poi/3.10.1/poi-3.10.1.jar
2016-02-15 13:04:13,365 [Worker-2] INFO  o.e.m.c.i.e.AbstractTransferListenerAdapter - Downloading https://repo.maven.apache.org/maven2/org/apache/poi/poi-ooxml/3.10.1/poi-ooxml-3.10.1.jar
2016-02-15 13:04:15,099 [Worker-2] INFO  o.e.m.c.i.e.AbstractTransferListenerAdapter - Downloaded https://repo.maven.apache.org/maven2/org/apache/poi/poi-ooxml/3.10.1/poi-ooxml-3.10.1.jar
2016-02-15 13:04:15,287 [Worker-2] INFO  o.e.m.c.i.e.AbstractTransferListenerAdapter - Downloading https://repo.maven.apache.org/maven2/org/apache/poi/poi-scratchpad/3.10.1/poi-scratchpad-3.10.1.jar
2016-02-15 13:04:17,630 [Worker-2] INFO  o.e.m.c.i.e.AbstractTransferListenerAdapter - Downloaded https://repo.maven.apache.org/maven2/org/apache/poi/poi-scratchpad/3.10.1/poi-scratchpad-3.10.1.jar
2016-02-15 13:04:17,818 [Worker-2] INFO  o.e.m.c.i.e.AbstractTransferListenerAdapter - Downloading https://repo.maven.apache.org/maven2/org/apache/poi/poi-ooxml-schemas/3.10.1/poi-ooxml-schemas-3.10.1.jar
2016-02-15 13:04:24,755 [Worker-2] INFO  o.e.m.c.i.e.AbstractTransferListenerAdapter - Downloaded https://repo.maven.apache.org/maven2/org/apache/poi/poi-ooxml-schemas/3.10.1/poi-ooxml-schemas-3.10.1.jar
2016-02-15 13:04:24,943 [Worker-2] INFO  o.e.m.c.i.e.AbstractTransferListenerAdapter - Downloading https://repo.maven.apache.org/maven2/org/apache/poi/ooxml-schemas/1.1/ooxml-schemas-1.1.jar
2016-02-15 13:04:48,732 [Worker-2] INFO  o.e.m.c.i.e.AbstractTransferListenerAdapter - Downloaded https://repo.maven.apache.org/maven2/org/apache/poi/ooxml-schemas/1.1/ooxml-schemas-1.1.jar
2016-02-15 13:04:49,185 [Worker-2] INFO  o.e.m.c.i.e.AbstractTransferListenerAdapter - Downloading https://repo.maven.apache.org/maven2/org/apache/poi/poi-examples/3.10.1/poi-examples-3.10.1.jar
2016-02-15 13:04:49,800 [Worker-2] INFO  o.e.m.c.i.e.AbstractTransferListenerAdapter - Downloaded https://repo.maven.apache.org/maven2/org/apache/poi/poi-examples/3.10.1/poi-examples-3.10.1.jar
2016-02-15 13:04:50,034 [Worker-2] INFO  o.e.m.c.i.e.AbstractTransferListenerAdapter - Downloading https://repo.maven.apache.org/maven2/org/apache/poi/poi-excelant/3.10.1/poi-excelant-3.10.1.jar
2016-02-15 13:04:50,316 [Worker-2] INFO  o.e.m.c.i.e.AbstractTransferListenerAdapter - Downloaded https://repo.maven.apache.org/maven2/org/apache/poi/poi-excelant/3.10.1/poi-excelant-3.10.1.jar
2016-02-15 13:04:50,488 [Worker-2] INFO  o.e.m.c.i.e.AbstractTransferListenerAdapter - Downloading https://repo.maven.apache.org/maven2/org/apache/ant/ant/1.8.2/ant-1.8.2.jar
2016-02-15 13:04:52,831 [Worker-2] INFO  o.e.m.c.i.e.AbstractTransferListenerAdapter - Downloaded https://repo.maven.apache.org/maven2/org/apache/ant/ant/1.8.2/ant-1.8.2.jar
2016-02-15 13:04:53,019 [Worker-2] INFO  o.e.m.c.i.e.AbstractTransferListenerAdapter - Downloading https://repo.maven.apache.org/maven2/org/apache/ant/ant-launcher/1.8.2/ant-launcher-1.8.2.jar
2016-02-15 13:04:53,269 [Worker-2] INFO  o.e.m.c.i.e.AbstractTransferListenerAdapter - Downloaded https://repo.maven.apache.org/maven2/org/apache/ant/ant-launcher/1.8.2/ant-launcher-1.8.2.jar
2016-02-15 13:04:53,441 [Worker-2] INFO  o.e.m.c.i.e.AbstractTransferListenerAdapter - Downloading https://repo.maven.apache.org/maven2/dom4j/dom4j/1.6.1/dom4j-1.6.1.jar
2016-02-15 13:04:53,988 [Worker-2] INFO  o.e.m.c.i.e.AbstractTransferListenerAdapter - Downloaded https://repo.maven.apache.org/maven2/dom4j/dom4j/1.6.1/dom4j-1.6.1.jar
2016-02-15 13:04:54,175 [Worker-2] INFO  o.e.m.c.i.e.AbstractTransferListenerAdapter - Downloading https://repo.maven.apache.org/maven2/stax/stax-api/1.0.1/stax-api-1.0.1.jar
2016-02-15 13:04:54,566 [Worker-2] INFO  o.e.m.c.i.e.AbstractTransferListenerAdapter - Downloaded https://repo.maven.apache.org/maven2/stax/stax-api/1.0.1/stax-api-1.0.1.jar
2016-02-15 13:04:54,753 [Worker-2] INFO  o.e.m.c.i.e.AbstractTransferListenerAdapter - Downloading https://repo.maven.apache.org/maven2/org/apache/xmlbeans/xmlbeans/2.6.0/xmlbeans-2.6.0.jar
2016-02-15 13:04:58,977 [Worker-2] INFO  o.e.m.c.i.e.AbstractTransferListenerAdapter - Downloaded https://repo.maven.apache.org/maven2/org/apache/xmlbeans/xmlbeans/2.6.0/xmlbeans-2.6.0.jar
2016-02-15 13:04:59,158 [Worker-2] INFO  o.e.m.c.i.e.AbstractTransferListenerAdapter - Downloading https://repo.maven.apache.org/maven2/xml-apis/xml-apis/1.4.01/xml-apis-1.4.01.jar
2016-02-15 13:04:59,564 [Worker-2] INFO  o.e.m.c.i.e.AbstractTransferListenerAdapter - Downloaded https://repo.maven.apache.org/maven2/xml-apis/xml-apis/1.4.01/xml-apis-1.4.01.jar
2016-02-15 13:04:59,751 [Worker-2] INFO  o.e.m.c.i.e.AbstractTransferListenerAdapter - Downloading https://repo.maven.apache.org/maven2/mysql/mysql-connector-java/5.1.26/mysql-connector-java-5.1.26.jar
2016-02-15 13:05:01,064 [Worker-2] INFO  o.e.m.c.i.e.AbstractTransferListenerAdapter - Downloaded https://repo.maven.apache.org/maven2/mysql/mysql-connector-java/5.1.26/mysql-connector-java-5.1.26.jar
2016-02-15 13:05:01,330 [Worker-2] INFO  o.e.m.c.i.e.AbstractTransferListenerAdapter - Downloading https://repo.maven.apache.org/maven2/com/holmos/holmos-webtest/1.0.2u9/holmos-webtest-1.0.2u9.jar
2016-02-15 13:05:01,829 [Worker-2] INFO  o.e.m.c.i.e.AbstractTransferListenerAdapter - Downloaded https://repo.maven.apache.org/maven2/com/holmos/holmos-webtest/1.0.2u9/holmos-webtest-1.0.2u9.jar
2016-02-15 13:05:02,001 [Worker-2] INFO  o.e.m.c.i.e.AbstractTransferListenerAdapter - Downloading https://repo.maven.apache.org/maven2/commons-logging/commons-logging/1.1.1/commons-logging-1.1.1.jar
2016-02-15 13:05:02,189 [Worker-2] INFO  o.e.m.c.i.e.AbstractTransferListenerAdapter - Downloaded https://repo.maven.apache.org/maven2/commons-logging/commons-logging/1.1.1/commons-logging-1.1.1.jar
2016-02-15 13:05:02,376 [Worker-2] INFO  o.e.m.c.i.e.AbstractTransferListenerAdapter - Downloading https://repo.maven.apache.org/maven2/net/sf/opencsv/opencsv/2.3/opencsv-2.3.jar
2016-02-15 13:05:02,673 [Worker-2] INFO  o.e.m.c.i.e.AbstractTransferListenerAdapter - Downloaded https://repo.maven.apache.org/maven2/net/sf/opencsv/opencsv/2.3/opencsv-2.3.jar
2016-02-15 13:05:02,923 [Worker-2] INFO  o.e.m.c.i.e.AbstractTransferListenerAdapter - Downloading https://repo.maven.apache.org/maven2/com/holmos/holmos-reflectAssert/1.0.2u9/holmos-reflectAssert-1.0.2u9.jar
2016-02-15 13:05:03,205 [Worker-2] INFO  o.e.m.c.i.e.AbstractTransferListenerAdapter - Downloaded https://repo.maven.apache.org/maven2/com/holmos/holmos-reflectAssert/1.0.2u9/holmos-reflectAssert-1.0.2u9.jar
2016-02-15 13:05:03,376 [Worker-2] INFO  o.e.m.c.i.e.AbstractTransferListenerAdapter - Downloading https://repo.maven.apache.org/maven2/commons-lang/commons-lang/2.6/commons-lang-2.6.jar
2016-02-15 13:05:03,767 [Worker-2] INFO  o.e.m.c.i.e.AbstractTransferListenerAdapter - Downloaded https://repo.maven.apache.org/maven2/commons-lang/commons-lang/2.6/commons-lang-2.6.jar
2016-02-15 13:05:14,907 [Worker-0] WARN  o.e.m.c.i.embedder.EclipseLogger - The POM for org.exoplatform.selenium:ui-common:jar:4.3.x-SNAPSHOT is missing, no dependency information available
2016-02-15 13:05:15,626 [Worker-0] WARN  o.e.m.c.i.embedder.EclipseLogger - The POM for org.exoplatform.selenium:ui-common:jar:4.3.x-SNAPSHOT is missing, no dependency information available
